Сборка начата 09/11/2023 4:43:20 PM.
Уровень детализации журнала: Normal.     1>Проект "D:\BSTU\OPI\Labs\LAB_6\LAB_6\LAB_6.vcxproj" в узле 2 (целевые объекты Build).
     1>InitializeBuildStatus:
         Обращение к "x64\Debug\LAB_6.tlog\unsuccessfulbuild".
       ClCompile:
         D:\Soft\Microsoft Visual Studio\VC\Tools\MSVC\14.33.31629\bin\HostX64\x64\CL.exe /c /ZI /JMC /nologo /W3 /WX- /diagnostics:column /sdl /Od /D _DEBUG /D _CONSOLE /D _UNICODE /D UNICODE /Gm- /EHsc /RTC1 /MDd /GS /fp:precise /Zc:wchar_t /Zc:forScope /Zc:inline /permissive- /Fo"x64\Debug\\" /Fd"x64\Debug\vc143.pdb" /external:W3 /Gd /TP /FC /errorReport:prompt getsum.cpp
         getsum.cpp
       Link:
         D:\Soft\Microsoft Visual Studio\VC\Tools\MSVC\14.33.31629\bin\HostX64\x64\link.exe /ERRORREPORT:PROMPT /OUT:"D:\BSTU\OPI\Labs\LAB_6\x64\Debug\LAB_6.exe" /INCREMENTAL /ILK:"x64\Debug\LAB_6.ilk" /NOLOGO kernel32.lib user32.lib gdi32.lib winspool.lib comdlg32.lib advapi32.lib shell32.lib ole32.lib oleaut32.lib uuid.lib odbc32.lib odbccp32.lib /MANIFEST /MANIFESTUAC:"level='asInvoker' uiAccess='false'" /manifest:embed /DEBUG /PDB:"D:\BSTU\OPI\Labs\LAB_6\x64\Debug\LAB_6.pdb" /SUBSYSTEM:CONSOLE /TLBID:1 /DYNAMICBASE /NXCOMPAT /IMPLIB:"D:\BSTU\OPI\Labs\LAB_6\x64\Debug\LAB_6.lib" /MACHINE:X64 x64\Debug\getmul.obj
         x64\Debug\getsum.obj
         x64\Debug\LAB_6.obj
         LAB_6.vcxproj -> D:\BSTU\OPI\Labs\LAB_6\x64\Debug\LAB_6.exe
       FinalizeBuildStatus:
         Файл "x64\Debug\LAB_6.tlog\unsuccessfulbuild" удаляется.
         Обращение к "x64\Debug\LAB_6.tlog\LAB_6.lastbuildstate".
     1>Сборка проекта "D:\BSTU\OPI\Labs\LAB_6\LAB_6\LAB_6.vcxproj" завершена (целевые объекты Build).

Сборка успешно завершена.
    Предупреждений: 0
    Ошибок: 0

Прошло времени 00:00:02.11
