Сборка начата 21.09.2023 17:00:20.
Уровень детализации журнала: Normal.     1>Проект "D:\BSTU\ОПИ\Лабораторные\Лаб 1\lab1\lab2\lab2.vcxproj" в узле 2 (целевые объекты Rebuild).
     1>_PrepareForClean:
         Файл "Debug\lab2.tlog\lab2.lastbuildstate" удаляется.
       InitializeBuildStatus:
         Создание "Debug\lab2.tlog\unsuccessfulbuild", так как было задано "AlwaysCreate".
       ClCompile:
         D:\Soft\Microsoft Visual Studio\VC\Tools\MSVC\14.33.31629\bin\HostX86\x86\CL.exe /c /ZI /JMC /nologo /W3 /WX- /diagnostics:column /sdl /Od /Oy- /D WIN32 /D _DEBUG /D _CONSOLE /D _UNICODE /D UNICODE /Gm- /EHsc /RTC1 /MDd /GS /fp:precise /Zc:wchar_t /Zc:forScope /Zc:inline /permissive- /Fo"Debug\\" /Fd"Debug\vc143.pdb" /external:W3 /Gd /TP /analyze- /FC /errorReport:prompt lab2.cpp
         lab2.cpp
       Link:
         D:\Soft\Microsoft Visual Studio\VC\Tools\MSVC\14.33.31629\bin\HostX86\x86\link.exe /ERRORREPORT:PROMPT /OUT:"D:\BSTU\ОПИ\Лабораторные\Лаб 1\lab1\Debug\lab2.exe" /INCREMENTAL /ILK:"Debug\lab2.ilk" /NOLOGO kernel32.lib user32.lib gdi32.lib winspool.lib comdlg32.lib advapi32.lib shell32.lib ole32.lib oleaut32.lib uuid.lib odbc32.lib odbccp32.lib /MANIFEST /MANIFESTUAC:"level='asInvoker' uiAccess='false'" /manifest:embed /DEBUG /PDB:"D:\BSTU\ОПИ\Лабораторные\Лаб 1\lab1\Debug\lab2.pdb" /SUBSYSTEM:CONSOLE /TLBID:1 /DYNAMICBASE /NXCOMPAT /IMPLIB:"D:\BSTU\ОПИ\Лабораторные\Лаб 1\lab1\Debug\lab2.lib" /MACHINE:X86 Debug\lab2.obj
         lab2.vcxproj -> D:\BSTU\ОПИ\Лабораторные\Лаб 1\lab1\Debug\lab2.exe
       FinalizeBuildStatus:
         Файл "Debug\lab2.tlog\unsuccessfulbuild" удаляется.
         Обращение к "Debug\lab2.tlog\lab2.lastbuildstate".
     1>Сборка проекта "D:\BSTU\ОПИ\Лабораторные\Лаб 1\lab1\lab2\lab2.vcxproj" завершена (целевые объекты Rebuild).

Сборка успешно завершена.
    Предупреждений: 0
    Ошибок: 0

Прошло времени 00:00:04.58
